<?xml version="1.0" encoding="UTF-8"?>
<testsuites time="0">
<testsuite name="./smoke-sdk-http.bats" tests="4" failures="0" errors="0" skipped="0" time="0" timestamp="2022-11-16T15:39:17" hostname="jamiedanielson">
    <testcase classname="./smoke-sdk-http.bats" name="Auto instrumentation produces 3 Express middleware spans" time="0" />
    <testcase classname="./smoke-sdk-http.bats" name="Auto instrumentation produces an http request span" time="0" />
    <testcase classname="./smoke-sdk-http.bats" name="Manual instrumentation produces span with name of span" time="0" />
    <testcase classname="./smoke-sdk-http.bats" name="Manual instrumentation adds custom attribute" time="0">
        <system-out>⏳ Waiting for collector data flush ... 0s</system-out>
    </testcase>

</testsuite>
</testsuites>
